<?xml version="1.0" encoding="UTF-8"?>
<testng-results skipped="0" failed="1" ignored="0" total="1" passed="0">
  <reporter-output>
  </reporter-output>
  <suite name="Suite_demo" duration-ms="235055" started-at="2021-10-04T22:00:27 ICT" finished-at="2021-10-04T22:04:22 ICT">
    <groups>
    </groups>
    <test name="Demo_Appium" duration-ms="235055" started-at="2021-10-04T22:00:27 ICT" finished-at="2021-10-04T22:04:22 ICT">
      <class name="Mobile_Appium.Demo_appium">
        <test-method status="PASS" signature="driver_open()[pri:0, instance:Mobile_Appium.Demo_appium@42f93a98]" name="driver_open" is-config="true" duration-ms="14299" started-at="2021-10-04T22:00:27 ICT" finished-at="2021-10-04T22:00:41 ICT">
          <reporter-output>
          </reporter-output>
        </test-method> <!-- driver_open -->
        <test-method status="FAIL" signature="Demo_scroll()[pri:1, instance:Mobile_Appium.Demo_appium@42f93a98]" name="Demo_scroll" duration-ms="219641" started-at="2021-10-04T22:00:41 ICT" finished-at="2021-10-04T22:04:21 ICT">
          <exception class="org.openqa.selenium.StaleElementReferenceException">
            <message>
              <![CDATA[The element 'By.xpath: //android.widget.TextView[contains(@text,'Khám')]' does not exist in DOM anymore
For documentation on this error, please visit: https://www.seleniumhq.org/exceptions/stale_element_reference.html
Build info: version: '3.141.59', revision: 'e82be7d358', time: '2018-11-14T08:17:03'
System info: host: 'DESKTOP-B9T8IP8', ip: '192.168.64.1', os.name: 'Windows 10', os.arch: 'amd64', os.version: '10.0', java.version: '1.8.0_281'
Driver info: io.appium.java_client.AppiumDriver
Capabilities {app: C:\Users\User\eclipse-works..., appActivity: fr.playsoft.vnexpress.Activ..., appPackage: fr.playsoft.vnexpress, automationName: Appium, databaseEnabled: false, desired: {app: C:\Users\User\eclipse-works..., appActivity: fr.playsoft.vnexpress.Activ..., appPackage: fr.playsoft.vnexpress, automationName: Appium, deviceName: Android Emulator, fullReset: true, newCommandTimeout: 500, noReset: false, platformName: android, platformVersion: 7.1, udid: emulator-5554}, deviceApiLevel: 25, deviceManufacturer: samsung, deviceModel: SM-G977N, deviceName: emulator-5554, deviceScreenDensity: 320, deviceScreenSize: 720x1280, deviceUDID: emulator-5554, fullReset: true, javascriptEnabled: true, locationContextEnabled: false, networkConnectionEnabled: true, newCommandTimeout: 500, noReset: false, pixelRatio: 2, platform: LINUX, platformName: Android, platformVersion: 7.1.2, statBarHeight: 48, takesScreenshot: true, udid: emulator-5554, viewportRect: {height: 1232, left: 0, top: 48, width: 720}, warnings: {}, webStorageEnabled: false}
Session ID: b48882ed-7f7e-46a8-b3f3-a4eb547a7bce]]>
            </message>
            <full-stacktrace>
              <![CDATA[org.openqa.selenium.StaleElementReferenceException: The element 'By.xpath: //android.widget.TextView[contains(@text,'Khám')]' does not exist in DOM anymore
For documentation on this error, please visit: https://www.seleniumhq.org/exceptions/stale_element_reference.html
Build info: version: '3.141.59', revision: 'e82be7d358', time: '2018-11-14T08:17:03'
System info: host: 'DESKTOP-B9T8IP8', ip: '192.168.64.1', os.name: 'Windows 10', os.arch: 'amd64', os.version: '10.0', java.version: '1.8.0_281'
Driver info: io.appium.java_client.AppiumDriver
Capabilities {app: C:\Users\User\eclipse-works..., appActivity: fr.playsoft.vnexpress.Activ..., appPackage: fr.playsoft.vnexpress, automationName: Appium, databaseEnabled: false, desired: {app: C:\Users\User\eclipse-works..., appActivity: fr.playsoft.vnexpress.Activ..., appPackage: fr.playsoft.vnexpress, automationName: Appium, deviceName: Android Emulator, fullReset: true, newCommandTimeout: 500, noReset: false, platformName: android, platformVersion: 7.1, udid: emulator-5554}, deviceApiLevel: 25, deviceManufacturer: samsung, deviceModel: SM-G977N, deviceName: emulator-5554, deviceScreenDensity: 320, deviceScreenSize: 720x1280, deviceUDID: emulator-5554, fullReset: true, javascriptEnabled: true, locationContextEnabled: false, networkConnectionEnabled: true, newCommandTimeout: 500, noReset: false, pixelRatio: 2, platform: LINUX, platformName: Android, platformVersion: 7.1.2, statBarHeight: 48, takesScreenshot: true, udid: emulator-5554, viewportRect: {height: 1232, left: 0, top: 48, width: 720}, warnings: {}, webStorageEnabled: false}
Session ID: b48882ed-7f7e-46a8-b3f3-a4eb547a7bce
at sun.reflect.NativeConstructorAccessorImpl.newInstance0(Native Method)
at sun.reflect.NativeConstructorAccessorImpl.newInstance(NativeConstructorAccessorImpl.java:62)
at sun.reflect.DelegatingConstructorAccessorImpl.newInstance(DelegatingConstructorAccessorImpl.java:45)
at java.lang.reflect.Constructor.newInstance(Constructor.java:423)
at org.openqa.selenium.remote.http.W3CHttpResponseCodec.createException(W3CHttpResponseCodec.java:187)
at org.openqa.selenium.remote.http.W3CHttpResponseCodec.decode(W3CHttpResponseCodec.java:122)
at org.openqa.selenium.remote.http.W3CHttpResponseCodec.decode(W3CHttpResponseCodec.java:49)
at org.openqa.selenium.remote.HttpCommandExecutor.execute(HttpCommandExecutor.java:158)
at io.appium.java_client.remote.AppiumCommandExecutor.execute(AppiumCommandExecutor.java:247)
at org.openqa.selenium.remote.RemoteWebDriver.execute(RemoteWebDriver.java:552)
at io.appium.java_client.DefaultGenericMobileDriver.execute(DefaultGenericMobileDriver.java:41)
at io.appium.java_client.AppiumDriver.execute(AppiumDriver.java:1)
at org.openqa.selenium.remote.RemoteWebElement.execute(RemoteWebElement.java:285)
at io.appium.java_client.DefaultGenericMobileElement.execute(DefaultGenericMobileElement.java:45)
at io.appium.java_client.MobileElement.execute(MobileElement.java:1)
at io.appium.java_client.android.AndroidElement.execute(AndroidElement.java:1)
at org.openqa.selenium.remote.RemoteWebElement.click(RemoteWebElement.java:84)
at AppiumBaseCommon.BaseActions.ClickXpath(BaseActions.java:95)
at AppiumObject.VnExpressObject.ClickToTitle(VnExpressObject.java:28)
at Mobile_Appium.Demo_appium.Demo_scroll(Demo_appium.java:24)
at sun.reflect.NativeMethodAccessorImpl.invoke0(Native Method)
at sun.reflect.NativeMethodAccessorImpl.invoke(NativeMethodAccessorImpl.java:62)
at sun.reflect.DelegatingMethodAccessorImpl.invoke(DelegatingMethodAccessorImpl.java:43)
at java.lang.reflect.Method.invoke(Method.java:498)
at org.testng.internal.MethodInvocationHelper.invokeMethod(MethodInvocationHelper.java:132)
at org.testng.internal.TestInvoker.invokeMethod(TestInvoker.java:599)
at org.testng.internal.TestInvoker.invokeTestMethod(TestInvoker.java:174)
at org.testng.internal.MethodRunner.runInSequence(MethodRunner.java:46)
at org.testng.internal.TestInvoker$MethodInvocationAgent.invoke(TestInvoker.java:822)
at org.testng.internal.TestInvoker.invokeTestMethods(TestInvoker.java:147)
at org.testng.internal.TestMethodWorker.invokeTestMethods(TestMethodWorker.java:146)
at org.testng.internal.TestMethodWorker.run(TestMethodWorker.java:128)
at java.util.ArrayList.forEach(ArrayList.java:1259)
at org.testng.TestRunner.privateRun(TestRunner.java:764)
at org.testng.TestRunner.run(TestRunner.java:585)
at org.testng.SuiteRunner.runTest(SuiteRunner.java:384)
at org.testng.SuiteRunner.runSequentially(SuiteRunner.java:378)
at org.testng.SuiteRunner.privateRun(SuiteRunner.java:337)
at org.testng.SuiteRunner.run(SuiteRunner.java:286)
at org.testng.SuiteRunnerWorker.runSuite(SuiteRunnerWorker.java:53)
at org.testng.SuiteRunnerWorker.run(SuiteRunnerWorker.java:96)
at org.testng.TestNG.runSuitesSequentially(TestNG.java:1218)
at org.testng.TestNG.runSuitesLocally(TestNG.java:1140)
at org.testng.TestNG.runSuites(TestNG.java:1069)
at org.testng.TestNG.run(TestNG.java:1037)
at org.testng.remote.AbstractRemoteTestNG.run(AbstractRemoteTestNG.java:115)
at org.testng.remote.RemoteTestNG.initAndRun(RemoteTestNG.java:251)
at org.testng.remote.RemoteTestNG.main(RemoteTestNG.java:77)
]]>
            </full-stacktrace>
          </exception> <!-- org.openqa.selenium.StaleElementReferenceException -->
          <reporter-output>
          </reporter-output>
        </test-method> <!-- Demo_scroll -->
        <test-method status="PASS" signature="getResult(org.testng.ITestResult)[pri:0, instance:Mobile_Appium.Demo_appium@42f93a98]" name="getResult" is-config="true" duration-ms="771" started-at="2021-10-04T22:04:21 ICT" finished-at="2021-10-04T22:04:21 ICT">
          <params>
            <param index="0">
              <value>
                <![CDATA[[TestResult name=Demo_scroll status=FAILURE method=Demo_appium.Demo_scroll()[pri:1, instance:Mobile_Appium.Demo_appium@42f93a98] output={null}]]]>
              </value>
            </param>
          </params>
          <reporter-output>
          </reporter-output>
        </test-method> <!-- getResult -->
        <test-method status="PASS" signature="driver_quit()[pri:0, instance:Mobile_Appium.Demo_appium@42f93a98]" name="driver_quit" is-config="true" duration-ms="291" started-at="2021-10-04T22:04:21 ICT" finished-at="2021-10-04T22:04:22 ICT">
          <reporter-output>
          </reporter-output>
        </test-method> <!-- driver_quit -->
      </class> <!-- Mobile_Appium.Demo_appium -->
    </test> <!-- Demo_Appium -->
  </suite> <!-- Suite_demo -->
</testng-results>
