<?xml version="1.0" encoding="UTF-8"?>
<!-- Generated by org.testng.reporters.JUnitReportReporter -->
<testsuite skipped="1" hostname="DESKTOP-B9T8IP8" name="Mobile_openApp.demo_Open_app" tests="2" failures="0" timestamp="2021-09-20T18:36:28 ICT" time="10.565" errors="1">
  <testcase name="setUp" time="10.559" classname="Mobile_openApp.demo_Open_app">
    <error type="org.openqa.selenium.SessionNotCreatedException" message="Unable to create a new remote session. Please check the server log for more details. Original error: An unknown server-side error occurred while processing the command. Original error: Error executing adbExec. Original error: &#039;Command &#039;&#039;E:\\Test Automation\\Mobile\\platform-tools\\adb.exe&#039; -P 5037 -s emulator-5554 install &#039;C:\\Users\\User\\eclipse-workspace\\Appium\\\\src\\APK\\Google Calendar_v2021.35.3.apk&#039;&#039; exited with code 1&#039;; Stderr: &#039;adb: failed to install C:\Users\User\eclipse-workspace\Appium\\src\APK\Google Calendar_v2021.35.3.apk: Failure [INSTALL_FAILED_SHARED_USER_INCOMPATIBLE: Package couldn&#039;t be installed in /data/app/com.google.android.calendar-1: Package com.google.android.calendar has no signatures that match those in shared user com.google.android.calendar.uid.shared; ignoring!]&#039;; Code: &#039;1&#039;
Build info: version: &#039;3.141.59&#039;, revision: &#039;e82be7d358&#039;, time: &#039;2018-11-14T08:17:03&#039;
System info: host: &#039;DESKTOP-B9T8IP8&#039;, ip: &#039;192.168.64.1&#039;, os.name: &#039;Windows 10&#039;, os.arch: &#039;amd64&#039;, os.version: &#039;10.0&#039;, java.version: &#039;1.8.0_281&#039;
Driver info: driver.version: AppiumDriver
remote stacktrace: UnknownError: An unknown server-side error occurred while processing the command. Original error: Error executing adbExec. Original error: &#039;Command &#039;&#039;E:\\Test Automation\\Mobile\\platform-tools\\adb.exe&#039; -P 5037 -s emulator-5554 install &#039;C:\\Users\\User\\eclipse-workspace\\Appium\\\\src\\APK\\Google Calendar_v2021.35.3.apk&#039;&#039; exited with code 1&#039;; Stderr: &#039;adb: failed to install C:\Users\User\eclipse-workspace\Appium\\src\APK\Google Calendar_v2021.35.3.apk: Failure [INSTALL_FAILED_SHARED_USER_INCOMPATIBLE: Package couldn&#039;t be installed in /data/app/com.google.android.calendar-1: Package com.google.android.calendar has no signatures that match those in shared user com.google.android.calendar.uid.shared; ignoring!]&#039;; Code: &#039;1&#039;
    at getResponseForW3CError (C:\Program Files\Appium\resources\app\node_modules\appium\node_modules\appium-base-driver\lib\protocol\errors.js:804:9)
    at asyncHandler (C:\Program Files\Appium\resources\app\node_modules\appium\node_modules\appium-base-driver\lib\protocol\protocol.js:380:37)
Build info: version: &#039;3.141.59&#039;, revision: &#039;e82be7d358&#039;, time: &#039;2018-11-14T08:17:03&#039;
System info: host: &#039;DESKTOP-B9T8IP8&#039;, ip: &#039;192.168.64.1&#039;, os.name: &#039;Windows 10&#039;, os.arch: &#039;amd64&#039;, os.version: &#039;10.0&#039;, java.version: &#039;1.8.0_281&#039;
Driver info: driver.version: AppiumDriver">
      <![CDATA[org.openqa.selenium.SessionNotCreatedException: Unable to create a new remote session. Please check the server log for more details. Original error: An unknown server-side error occurred while processing the command. Original error: Error executing adbExec. Original error: 'Command ''E:\\Test Automation\\Mobile\\platform-tools\\adb.exe' -P 5037 -s emulator-5554 install 'C:\\Users\\User\\eclipse-workspace\\Appium\\\\src\\APK\\Google Calendar_v2021.35.3.apk'' exited with code 1'; Stderr: 'adb: failed to install C:\Users\User\eclipse-workspace\Appium\\src\APK\Google Calendar_v2021.35.3.apk: Failure [INSTALL_FAILED_SHARED_USER_INCOMPATIBLE: Package couldn't be installed in /data/app/com.google.android.calendar-1: Package com.google.android.calendar has no signatures that match those in shared user com.google.android.calendar.uid.shared; ignoring!]'; Code: '1'
Build info: version: '3.141.59', revision: 'e82be7d358', time: '2018-11-14T08:17:03'
System info: host: 'DESKTOP-B9T8IP8', ip: '192.168.64.1', os.name: 'Windows 10', os.arch: 'amd64', os.version: '10.0', java.version: '1.8.0_281'
Driver info: driver.version: AppiumDriver
remote stacktrace: UnknownError: An unknown server-side error occurred while processing the command. Original error: Error executing adbExec. Original error: 'Command ''E:\\Test Automation\\Mobile\\platform-tools\\adb.exe' -P 5037 -s emulator-5554 install 'C:\\Users\\User\\eclipse-workspace\\Appium\\\\src\\APK\\Google Calendar_v2021.35.3.apk'' exited with code 1'; Stderr: 'adb: failed to install C:\Users\User\eclipse-workspace\Appium\\src\APK\Google Calendar_v2021.35.3.apk: Failure [INSTALL_FAILED_SHARED_USER_INCOMPATIBLE: Package couldn't be installed in /data/app/com.google.android.calendar-1: Package com.google.android.calendar has no signatures that match those in shared user com.google.android.calendar.uid.shared; ignoring!]'; Code: '1'
    at getResponseForW3CError (C:\Program Files\Appium\resources\app\node_modules\appium\node_modules\appium-base-driver\lib\protocol\errors.js:804:9)
    at asyncHandler (C:\Program Files\Appium\resources\app\node_modules\appium\node_modules\appium-base-driver\lib\protocol\protocol.js:380:37)
Build info: version: '3.141.59', revision: 'e82be7d358', time: '2018-11-14T08:17:03'
System info: host: 'DESKTOP-B9T8IP8', ip: '192.168.64.1', os.name: 'Windows 10', os.arch: 'amd64', os.version: '10.0', java.version: '1.8.0_281'
Driver info: driver.version: AppiumDriver
at io.appium.java_client.remote.AppiumCommandExecutor$1.createSession(AppiumCommandExecutor.java:216)
at io.appium.java_client.remote.AppiumCommandExecutor.createSession(AppiumCommandExecutor.java:225)
at io.appium.java_client.remote.AppiumCommandExecutor.execute(AppiumCommandExecutor.java:247)
at org.openqa.selenium.remote.RemoteWebDriver.execute(RemoteWebDriver.java:552)
at io.appium.java_client.DefaultGenericMobileDriver.execute(DefaultGenericMobileDriver.java:41)
at io.appium.java_client.AppiumDriver.execute(AppiumDriver.java:1)
at org.openqa.selenium.remote.RemoteWebDriver.startSession(RemoteWebDriver.java:213)
at io.appium.java_client.AppiumDriver.startSession(AppiumDriver.java:338)
at org.openqa.selenium.remote.RemoteWebDriver.<init>(RemoteWebDriver.java:131)
at io.appium.java_client.DefaultGenericMobileDriver.<init>(DefaultGenericMobileDriver.java:37)
at io.appium.java_client.AppiumDriver.<init>(AppiumDriver.java:89)
at io.appium.java_client.AppiumDriver.<init>(AppiumDriver.java:99)
at Mobile_openApp.demo_Open_app.setUp(demo_Open_app.java:44)
at sun.reflect.NativeMethodAccessorImpl.invoke0(Native Method)
at sun.reflect.NativeMethodAccessorImpl.invoke(NativeMethodAccessorImpl.java:62)
at sun.reflect.DelegatingMethodAccessorImpl.invoke(DelegatingMethodAccessorImpl.java:43)
at java.lang.reflect.Method.invoke(Method.java:498)
at org.testng.internal.MethodInvocationHelper.invokeMethod(MethodInvocationHelper.java:132)
at org.testng.internal.MethodInvocationHelper.invokeMethodConsideringTimeout(MethodInvocationHelper.java:61)
at org.testng.internal.ConfigInvoker.invokeConfigurationMethod(ConfigInvoker.java:366)
at org.testng.internal.ConfigInvoker.invokeConfigurations(ConfigInvoker.java:320)
at org.testng.TestRunner.invokeTestConfigurations(TestRunner.java:617)
at org.testng.TestRunner.beforeRun(TestRunner.java:607)
at org.testng.TestRunner.run(TestRunner.java:578)
at org.testng.SuiteRunner.runTest(SuiteRunner.java:384)
at org.testng.SuiteRunner.runSequentially(SuiteRunner.java:378)
at org.testng.SuiteRunner.privateRun(SuiteRunner.java:337)
at org.testng.SuiteRunner.run(SuiteRunner.java:286)
at org.testng.SuiteRunnerWorker.runSuite(SuiteRunnerWorker.java:53)
at org.testng.SuiteRunnerWorker.run(SuiteRunnerWorker.java:96)
at org.testng.TestNG.runSuitesSequentially(TestNG.java:1218)
at org.testng.TestNG.runSuitesLocally(TestNG.java:1140)
at org.testng.TestNG.runSuites(TestNG.java:1069)
at org.testng.TestNG.run(TestNG.java:1037)
at org.testng.remote.AbstractRemoteTestNG.run(AbstractRemoteTestNG.java:115)
at org.testng.remote.RemoteTestNG.initAndRun(RemoteTestNG.java:251)
at org.testng.remote.RemoteTestNG.main(RemoteTestNG.java:77)
Caused by: java.lang.reflect.InvocationTargetException
at sun.reflect.NativeMethodAccessorImpl.invoke0(Native Method)
at sun.reflect.NativeMethodAccessorImpl.invoke(NativeMethodAccessorImpl.java:62)
at sun.reflect.DelegatingMethodAccessorImpl.invoke(DelegatingMethodAccessorImpl.java:43)
at java.lang.reflect.Method.invoke(Method.java:498)
at io.appium.java_client.remote.AppiumCommandExecutor$1.createSession(AppiumCommandExecutor.java:193)
... 36 more
Caused by: org.openqa.selenium.WebDriverException: An unknown server-side error occurred while processing the command. Original error: Error executing adbExec. Original error: 'Command ''E:\\Test Automation\\Mobile\\platform-tools\\adb.exe' -P 5037 -s emulator-5554 install 'C:\\Users\\User\\eclipse-workspace\\Appium\\\\src\\APK\\Google Calendar_v2021.35.3.apk'' exited with code 1'; Stderr: 'adb: failed to install C:\Users\User\eclipse-workspace\Appium\\src\APK\Google Calendar_v2021.35.3.apk: Failure [INSTALL_FAILED_SHARED_USER_INCOMPATIBLE: Package couldn't be installed in /data/app/com.google.android.calendar-1: Package com.google.android.calendar has no signatures that match those in shared user com.google.android.calendar.uid.shared; ignoring!]'; Code: '1'
Build info: version: '3.141.59', revision: 'e82be7d358', time: '2018-11-14T08:17:03'
System info: host: 'DESKTOP-B9T8IP8', ip: '192.168.64.1', os.name: 'Windows 10', os.arch: 'amd64', os.version: '10.0', java.version: '1.8.0_281'
Driver info: driver.version: AppiumDriver
remote stacktrace: UnknownError: An unknown server-side error occurred while processing the command. Original error: Error executing adbExec. Original error: 'Command ''E:\\Test Automation\\Mobile\\platform-tools\\adb.exe' -P 5037 -s emulator-5554 install 'C:\\Users\\User\\eclipse-workspace\\Appium\\\\src\\APK\\Google Calendar_v2021.35.3.apk'' exited with code 1'; Stderr: 'adb: failed to install C:\Users\User\eclipse-workspace\Appium\\src\APK\Google Calendar_v2021.35.3.apk: Failure [INSTALL_FAILED_SHARED_USER_INCOMPATIBLE: Package couldn't be installed in /data/app/com.google.android.calendar-1: Package com.google.android.calendar has no signatures that match those in shared user com.google.android.calendar.uid.shared; ignoring!]'; Code: '1'
    at getResponseForW3CError (C:\Program Files\Appium\resources\app\node_modules\appium\node_modules\appium-base-driver\lib\protocol\errors.js:804:9)
    at asyncHandler (C:\Program Files\Appium\resources\app\node_modules\appium\node_modules\appium-base-driver\lib\protocol\protocol.js:380:37)
at sun.reflect.NativeConstructorAccessorImpl.newInstance0(Native Method)
at sun.reflect.NativeConstructorAccessorImpl.newInstance(NativeConstructorAccessorImpl.java:62)
at sun.reflect.DelegatingConstructorAccessorImpl.newInstance(DelegatingConstructorAccessorImpl.java:45)
at java.lang.reflect.Constructor.newInstance(Constructor.java:423)
at org.openqa.selenium.remote.W3CHandshakeResponse.lambda$errorHandler$0(W3CHandshakeResponse.java:62)
at org.openqa.selenium.remote.HandshakeResponse.lambda$getResponseFunction$0(HandshakeResponse.java:30)
at org.openqa.selenium.remote.ProtocolHandshake.lambda$createSession$0(ProtocolHandshake.java:126)
at java.util.stream.ReferencePipeline$3$1.accept(ReferencePipeline.java:193)
at java.util.Spliterators$ArraySpliterator.tryAdvance(Spliterators.java:958)
at java.util.stream.ReferencePipeline.forEachWithCancel(ReferencePipeline.java:126)
at java.util.stream.AbstractPipeline.copyIntoWithCancel(AbstractPipeline.java:499)
at java.util.stream.AbstractPipeline.copyInto(AbstractPipeline.java:486)
at java.util.stream.AbstractPipeline.wrapAndCopyInto(AbstractPipeline.java:472)
at java.util.stream.FindOps$FindOp.evaluateSequential(FindOps.java:152)
at java.util.stream.AbstractPipeline.evaluate(AbstractPipeline.java:234)
at java.util.stream.ReferencePipeline.findFirst(ReferencePipeline.java:464)
at org.openqa.selenium.remote.ProtocolHandshake.createSession(ProtocolHandshake.java:128)
... 41 more
]]>
    </error>
  </testcase> <!-- setUp -->
  <system-out/>
  <testcase name="opencalendar" time="0.006" classname="Mobile_openApp.demo_Open_app">
    <skipped/>
  </testcase> <!-- opencalendar -->
  <system-out/>
</testsuite> <!-- Mobile_openApp.demo_Open_app -->
